<?xml version="1.0" encoding="UTF-8"?>
<robot generator="Robot 6.1.1 (Python 3.12.0 on win32)" generated="20231213 00:02:32.877" rpa="false" schemaversion="4">
<suite id="s1" name="Cases Saucedemo" source="C:\Projects\project_one\tests\cases_saucedemo.robot">
<test id="s1-t1" name="Login Standard User" line="7">
<kw name="New Session" library="base_saucedemo">
<kw name="Open Browser" library="SeleniumLibrary">
<arg>${url}</arg>
<arg>chrome</arg>
<doc>Opens a new browser instance to the optional ``url``.</doc>
<msg timestamp="20231213 00:02:33.364" level="INFO">Opening browser 'chrome' to base url 'https://www.saucedemo.com'.</msg>
<status status="PASS" starttime="20231213 00:02:33.363" endtime="20231213 00:02:35.969"/>
</kw>
<status status="PASS" starttime="20231213 00:02:33.362" endtime="20231213 00:02:35.969"/>
</kw>
<kw name="Login Container" library="base_saucedemo">
<arg>standard_user</arg>
<kw name="Wait Until Element Is Visible" library="SeleniumLibrary">
<arg>${Username_fd}</arg>
<arg>10</arg>
<doc>Waits until the element ``locator`` is visible.</doc>
<status status="PASS" starttime="20231213 00:02:35.971" endtime="20231213 00:02:36.008"/>
</kw>
<kw name="Input Text" library="SeleniumLibrary">
<arg>${Username_fd}</arg>
<arg>${User}</arg>
<doc>Types the given ``text`` into the text field identified by ``locator``.</doc>
<msg timestamp="20231213 00:02:36.008" level="INFO">Typing text 'standard_user' into text field 'xpath=//input[@id="user-name"]'.</msg>
<status status="PASS" starttime="20231213 00:02:36.008" endtime="20231213 00:02:36.157"/>
</kw>
<kw name="Input Text" library="SeleniumLibrary">
<arg>${User_Password}</arg>
<arg>${General_Password}</arg>
<doc>Types the given ``text`` into the text field identified by ``locator``.</doc>
<msg timestamp="20231213 00:02:36.158" level="INFO">Typing text 'secret_sauce' into text field 'xpath=//input[@id="password"]'.</msg>
<status status="PASS" starttime="20231213 00:02:36.157" endtime="20231213 00:02:36.266"/>
</kw>
<status status="PASS" starttime="20231213 00:02:35.970" endtime="20231213 00:02:36.266"/>
</kw>
<kw name="Click on Login Button" library="base_saucedemo">
<kw name="Click Element" library="SeleniumLibrary">
<arg>xpath=//input[@id="login-button"]</arg>
<doc>Click the element identified by ``locator``.</doc>
<msg timestamp="20231213 00:02:36.267" level="INFO">Clicking element 'xpath=//input[@id="login-button"]'.</msg>
<status status="PASS" starttime="20231213 00:02:36.266" endtime="20231213 00:02:36.371"/>
</kw>
<status status="PASS" starttime="20231213 00:02:36.266" endtime="20231213 00:02:36.371"/>
</kw>
<kw name="Home Page" library="base_saucedemo">
<kw name="Wait Until Element Is Visible" library="SeleniumLibrary">
<arg>xpath=//img[@alt="Sauce Labs Backpack"]</arg>
<arg>10</arg>
<doc>Waits until the element ``locator`` is visible.</doc>
<status status="PASS" starttime="20231213 00:02:36.372" endtime="20231213 00:02:36.400"/>
</kw>
<kw name="Capture Page Screenshot" library="SeleniumLibrary">
<doc>Takes a screenshot of the current page and embeds it into a log file.</doc>
<msg timestamp="20231213 00:02:36.571" level="INFO" html="true">&lt;/td&gt;&lt;/tr&gt;&lt;tr&gt;&lt;td colspan="3"&gt;&lt;a href="selenium-screenshot-1.png"&gt;&lt;img src="selenium-screenshot-1.png" width="800px"&gt;&lt;/a&gt;</msg>
<status status="PASS" starttime="20231213 00:02:36.401" endtime="20231213 00:02:36.571"/>
</kw>
<status status="PASS" starttime="20231213 00:02:36.371" endtime="20231213 00:02:36.571"/>
</kw>
<tag>regression</tag>
<tag>standard_user</tag>
<status status="PASS" starttime="20231213 00:02:33.361" endtime="20231213 00:02:36.572"/>
</test>
<status status="PASS" starttime="20231213 00:02:32.881" endtime="20231213 00:02:36.573"/>
</suite>
<statistics>
<total>
<stat pass="1" fail="0" skip="0">All Tests</stat>
</total>
<tag>
<stat pass="1" fail="0" skip="0">regression</stat>
<stat pass="1" fail="0" skip="0">standard_user</stat>
</tag>
<suite>
<stat pass="1" fail="0" skip="0" id="s1" name="Cases Saucedemo">Cases Saucedemo</stat>
</suite>
</statistics>
<errors>
</errors>
</robot>
