<?xml version="1.0" encoding="UTF-8"?>
<robot generator="Robot 6.1.1 (Python 3.12.0 on win32)" generated="20231213 22:53:55.630" rpa="false" schemaversion="4">
<suite id="s1" name="Cases Saucedemo" source="C:\Projects\project_one\tests\cases_saucedemo.robot">
<test id="s1-t1" name="Shopping With Less Steps" line="31">
<kw name="New Session" library="base_saucedemo">
<kw name="Open Browser" library="SeleniumLibrary">
<arg>${url}</arg>
<arg>chrome</arg>
<doc>Opens a new browser instance to the optional ``url``.</doc>
<msg timestamp="20231213 22:53:56.686" level="INFO">Opening browser 'chrome' to base url 'https://www.saucedemo.com'.</msg>
<status status="PASS" starttime="20231213 22:53:56.685" endtime="20231213 22:53:59.827"/>
</kw>
<status status="PASS" starttime="20231213 22:53:56.685" endtime="20231213 22:53:59.827"/>
</kw>
<kw name="Login Container" library="base_saucedemo">
<arg>standard_user</arg>
<kw name="Wait Until Element Is Visible" library="SeleniumLibrary">
<arg>${Username_fd}</arg>
<arg>10</arg>
<doc>Waits until the element ``locator`` is visible.</doc>
<status status="PASS" starttime="20231213 22:53:59.829" endtime="20231213 22:53:59.863"/>
</kw>
<kw name="Input Text" library="SeleniumLibrary">
<arg>${Username_fd}</arg>
<arg>${User}</arg>
<doc>Types the given ``text`` into the text field identified by ``locator``.</doc>
<msg timestamp="20231213 22:53:59.863" level="INFO">Typing text 'standard_user' into text field 'xpath=//input[@id="user-name"]'.</msg>
<status status="PASS" starttime="20231213 22:53:59.863" endtime="20231213 22:53:59.995"/>
</kw>
<kw name="Input Text" library="SeleniumLibrary">
<arg>${User_Password}</arg>
<arg>${General_Password}</arg>
<doc>Types the given ``text`` into the text field identified by ``locator``.</doc>
<msg timestamp="20231213 22:53:59.996" level="INFO">Typing text 'secret_sauce' into text field 'xpath=//input[@id="password"]'.</msg>
<status status="PASS" starttime="20231213 22:53:59.995" endtime="20231213 22:54:00.117"/>
</kw>
<status status="PASS" starttime="20231213 22:53:59.828" endtime="20231213 22:54:00.117"/>
</kw>
<kw name="Click on Login Button" library="base_saucedemo">
<kw name="Click Element" library="SeleniumLibrary">
<arg>xpath=//input[@id="login-button"]</arg>
<doc>Click the element identified by ``locator``.</doc>
<msg timestamp="20231213 22:54:00.119" level="INFO">Clicking element 'xpath=//input[@id="login-button"]'.</msg>
<status status="PASS" starttime="20231213 22:54:00.118" endtime="20231213 22:54:00.226"/>
</kw>
<status status="PASS" starttime="20231213 22:54:00.118" endtime="20231213 22:54:00.227"/>
</kw>
<kw name="Home Page Succesful Login" library="base_saucedemo">
<kw name="Wait Until Element Is Visible" library="SeleniumLibrary">
<arg>xpath=//img[@src="/static/media/sauce-backpack-1200x1500.0a0b85a3.jpg"]</arg>
<arg>10</arg>
<doc>Waits until the element ``locator`` is visible.</doc>
<status status="PASS" starttime="20231213 22:54:00.228" endtime="20231213 22:54:00.507"/>
</kw>
<kw name="Sleep" library="BuiltIn">
<arg>4</arg>
<doc>Pauses the test executed for the given time.</doc>
<msg timestamp="20231213 22:54:04.509" level="INFO">Slept 4 seconds</msg>
<status status="PASS" starttime="20231213 22:54:00.507" endtime="20231213 22:54:04.509"/>
</kw>
<status status="PASS" starttime="20231213 22:54:00.227" endtime="20231213 22:54:04.509"/>
</kw>
<kw name="Add to Cart from Home Page" library="base_saucedemo">
<kw name="Click Element" library="SeleniumLibrary">
<arg>xpath=//button[@id="add-to-cart-sauce-labs-backpack"]</arg>
<doc>Click the element identified by ``locator``.</doc>
<msg timestamp="20231213 22:54:04.510" level="INFO">Clicking element 'xpath=//button[@id="add-to-cart-sauce-labs-backpack"]'.</msg>
<status status="PASS" starttime="20231213 22:54:04.510" endtime="20231213 22:54:04.557"/>
</kw>
<status status="PASS" starttime="20231213 22:54:04.509" endtime="20231213 22:54:04.558"/>
</kw>
<kw name="Clicking on Shopping Cart" library="base_saucedemo">
<kw name="Click Element" library="SeleniumLibrary">
<arg>xpath=//a[@class="shopping_cart_link"]</arg>
<doc>Click the element identified by ``locator``.</doc>
<msg timestamp="20231213 22:54:04.559" level="INFO">Clicking element 'xpath=//a[@class="shopping_cart_link"]'.</msg>
<status status="PASS" starttime="20231213 22:54:04.558" endtime="20231213 22:54:04.627"/>
</kw>
<kw name="Click Element" library="SeleniumLibrary">
<arg>xpath=//button[@id="checkout"]</arg>
<doc>Click the element identified by ``locator``.</doc>
<msg timestamp="20231213 22:54:04.627" level="INFO">Clicking element 'xpath=//button[@id="checkout"]'.</msg>
<status status="PASS" starttime="20231213 22:54:04.627" endtime="20231213 22:54:04.683"/>
</kw>
<status status="PASS" starttime="20231213 22:54:04.558" endtime="20231213 22:54:04.683"/>
</kw>
<kw name="Fill Checkout Info Form" library="base_saucedemo">
<kw name="Wait Until Element Is Visible" library="SeleniumLibrary">
<arg>xpath=//div[@class="checkout_info"]</arg>
<arg>10</arg>
<doc>Waits until the element ``locator`` is visible.</doc>
<status status="PASS" starttime="20231213 22:54:04.683" endtime="20231213 22:54:04.711"/>
</kw>
<kw name="First Name" library="FakerLibrary">
<var>${FIRSTNAMEFAKE}</var>
<msg timestamp="20231213 22:54:04.711" level="INFO">${FIRSTNAMEFAKE} = Diane</msg>
<status status="PASS" starttime="20231213 22:54:04.711" endtime="20231213 22:54:04.711"/>
</kw>
<kw name="Input Text" library="SeleniumLibrary">
<arg>${First_Name}</arg>
<arg>${FIRSTNAMEFAKE}</arg>
<doc>Types the given ``text`` into the text field identified by ``locator``.</doc>
<msg timestamp="20231213 22:54:04.712" level="INFO">Typing text 'Diane' into text field 'xpath=//input[@id="first-name"]'.</msg>
<status status="PASS" starttime="20231213 22:54:04.711" endtime="20231213 22:54:04.806"/>
</kw>
<kw name="Last Name" library="FakerLibrary">
<var>${LASTNAMEFAKE}</var>
<msg timestamp="20231213 22:54:04.806" level="INFO">${LASTNAMEFAKE} = Le</msg>
<status status="PASS" starttime="20231213 22:54:04.806" endtime="20231213 22:54:04.806"/>
</kw>
<kw name="Input Text" library="SeleniumLibrary">
<arg>${Last_Name}</arg>
<arg>${LASTNAMEFAKE}</arg>
<doc>Types the given ``text`` into the text field identified by ``locator``.</doc>
<msg timestamp="20231213 22:54:04.807" level="INFO">Typing text 'Le' into text field 'xpath=//input[@id="last-name"]'.</msg>
<status status="PASS" starttime="20231213 22:54:04.806" endtime="20231213 22:54:04.883"/>
</kw>
<kw name="Postalcode" library="FakerLibrary">
<var>${CODIGOPOSTALFAKE}</var>
<msg timestamp="20231213 22:54:04.883" level="INFO">${CODIGOPOSTALFAKE} = 58073</msg>
<status status="PASS" starttime="20231213 22:54:04.883" endtime="20231213 22:54:04.883"/>
</kw>
<kw name="Input Text" library="SeleniumLibrary">
<arg>${Postal_Code}</arg>
<arg>${CODIGOPOSTALFAKE}</arg>
<doc>Types the given ``text`` into the text field identified by ``locator``.</doc>
<msg timestamp="20231213 22:54:04.885" level="INFO">Typing text '58073' into text field 'xpath=//input[@id="postal-code"]'.</msg>
<status status="PASS" starttime="20231213 22:54:04.883" endtime="20231213 22:54:04.970"/>
</kw>
<status status="PASS" starttime="20231213 22:54:04.683" endtime="20231213 22:54:04.970"/>
</kw>
<kw name="Button Continue" library="base_saucedemo">
<kw name="Click Element" library="SeleniumLibrary">
<arg>xpath=//input[@id="continue"]</arg>
<doc>Click the element identified by ``locator``.</doc>
<msg timestamp="20231213 22:54:04.971" level="INFO">Clicking element 'xpath=//input[@id="continue"]'.</msg>
<status status="PASS" starttime="20231213 22:54:04.970" endtime="20231213 22:54:05.029"/>
</kw>
<status status="PASS" starttime="20231213 22:54:04.970" endtime="20231213 22:54:05.029"/>
</kw>
<kw name="Checkout Overview Confirmation" library="base_saucedemo">
<kw name="Wait Until Element Is Visible" library="SeleniumLibrary">
<arg>xpath=//div[@id="checkout_summary_container"]</arg>
<arg>10</arg>
<doc>Waits until the element ``locator`` is visible.</doc>
<status status="PASS" starttime="20231213 22:54:05.030" endtime="20231213 22:54:05.053"/>
</kw>
<status status="PASS" starttime="20231213 22:54:05.030" endtime="20231213 22:54:05.061"/>
</kw>
<kw name="Finish Purchase" library="base_saucedemo">
<kw name="Click Element" library="SeleniumLibrary">
<arg>xpath=//button[@id="finish"]</arg>
<doc>Click the element identified by ``locator``.</doc>
<msg timestamp="20231213 22:54:05.062" level="INFO">Clicking element 'xpath=//button[@id="finish"]'.</msg>
<status status="PASS" starttime="20231213 22:54:05.061" endtime="20231213 22:54:05.121"/>
</kw>
<kw name="Page Should Contain" library="SeleniumLibrary">
<arg>Thank you for your order!</arg>
<doc>Verifies that current page contains ``text``.</doc>
<msg timestamp="20231213 22:54:05.137" level="INFO">Current page contains text 'Thank you for your order!'.</msg>
<status status="PASS" starttime="20231213 22:54:05.121" endtime="20231213 22:54:05.137"/>
</kw>
<kw name="Capture Page Screenshot" library="SeleniumLibrary">
<doc>Takes a screenshot of the current page and embeds it into a log file.</doc>
<msg timestamp="20231213 22:54:05.243" level="INFO" html="true">&lt;/td&gt;&lt;/tr&gt;&lt;tr&gt;&lt;td colspan="3"&gt;&lt;a href="selenium-screenshot-1.png"&gt;&lt;img src="selenium-screenshot-1.png" width="800px"&gt;&lt;/a&gt;</msg>
<status status="PASS" starttime="20231213 22:54:05.137" endtime="20231213 22:54:05.243"/>
</kw>
<status status="PASS" starttime="20231213 22:54:05.061" endtime="20231213 22:54:05.243"/>
</kw>
<kw name="Back Home" library="base_saucedemo">
<kw name="Click Element" library="SeleniumLibrary">
<arg>xpath=//button[@name="back-to-products"]</arg>
<doc>Click the element identified by ``locator``.</doc>
<msg timestamp="20231213 22:54:05.244" level="INFO">Clicking element 'xpath=//button[@name="back-to-products"]'.</msg>
<status status="PASS" starttime="20231213 22:54:05.243" endtime="20231213 22:54:05.299"/>
</kw>
<status status="PASS" starttime="20231213 22:54:05.243" endtime="20231213 22:54:05.299"/>
</kw>
<kw name="Logout" library="base_saucedemo">
<kw name="Click Element" library="SeleniumLibrary">
<arg>xpath=//button[@id="react-burger-menu-btn"]</arg>
<doc>Click the element identified by ``locator``.</doc>
<msg timestamp="20231213 22:54:05.302" level="INFO">Clicking element 'xpath=//button[@id="react-burger-menu-btn"]'.</msg>
<status status="PASS" starttime="20231213 22:54:05.301" endtime="20231213 22:54:05.350"/>
</kw>
<kw name="Wait Until Element Is Visible" library="SeleniumLibrary">
<arg>xpath=//a[@id="logout_sidebar_link"]</arg>
<arg>10</arg>
<doc>Waits until the element ``locator`` is visible.</doc>
<status status="PASS" starttime="20231213 22:54:05.350" endtime="20231213 22:54:05.592"/>
</kw>
<kw name="Click Element" library="SeleniumLibrary">
<arg>xpath=//a[@id="logout_sidebar_link"]</arg>
<doc>Click the element identified by ``locator``.</doc>
<msg timestamp="20231213 22:54:05.593" level="INFO">Clicking element 'xpath=//a[@id="logout_sidebar_link"]'.</msg>
<status status="PASS" starttime="20231213 22:54:05.592" endtime="20231213 22:54:05.639"/>
</kw>
<status status="PASS" starttime="20231213 22:54:05.300" endtime="20231213 22:54:05.640"/>
</kw>
<kw name="Confirming Logout" library="base_saucedemo">
<kw name="Wait Until Element Is Visible" library="SeleniumLibrary">
<arg>${Username_fd}</arg>
<arg>10</arg>
<doc>Waits until the element ``locator`` is visible.</doc>
<status status="PASS" starttime="20231213 22:54:05.640" endtime="20231213 22:54:05.676"/>
</kw>
<kw name="Capture Page Screenshot" library="SeleniumLibrary">
<doc>Takes a screenshot of the current page and embeds it into a log file.</doc>
<msg timestamp="20231213 22:54:05.807" level="INFO" html="true">&lt;/td&gt;&lt;/tr&gt;&lt;tr&gt;&lt;td colspan="3"&gt;&lt;a href="selenium-screenshot-2.png"&gt;&lt;img src="selenium-screenshot-2.png" width="800px"&gt;&lt;/a&gt;</msg>
<status status="PASS" starttime="20231213 22:54:05.676" endtime="20231213 22:54:05.807"/>
</kw>
<kw name="Sleep" library="BuiltIn">
<arg>4</arg>
<doc>Pauses the test executed for the given time.</doc>
<msg timestamp="20231213 22:54:09.808" level="INFO">Slept 4 seconds</msg>
<status status="PASS" starttime="20231213 22:54:05.807" endtime="20231213 22:54:09.808"/>
</kw>
<status status="PASS" starttime="20231213 22:54:05.640" endtime="20231213 22:54:09.808"/>
</kw>
<tag>less_steps</tag>
<tag>regression</tag>
<status status="PASS" starttime="20231213 22:53:56.684" endtime="20231213 22:54:09.809"/>
</test>
<status status="PASS" starttime="20231213 22:53:55.631" endtime="20231213 22:54:09.810"/>
</suite>
<statistics>
<total>
<stat pass="1" fail="0" skip="0">All Tests</stat>
</total>
<tag>
<stat pass="1" fail="0" skip="0">less_steps</stat>
<stat pass="1" fail="0" skip="0">regression</stat>
</tag>
<suite>
<stat pass="1" fail="0" skip="0" id="s1" name="Cases Saucedemo">Cases Saucedemo</stat>
</suite>
</statistics>
<errors>
</errors>
</robot>
